================================================================
  SVM Compute Core — Classification Testbench (LUT kernel)
  ECE 410 · 5-Class Cardiac Arrhythmia Detection · MIT-BIH
================================================================
  NOTE (m4): This simulation was run against the pre-hardening RTL with
  FEATURE_DIM=256 (m3 multi-scale model, 495 active SVs). The m4 hardened
  design uses FEATURE_DIM=128 (single-beat, 154 active SVs), instantiated at
  synthesis via: chparam -set FEATURE_DIM 128 -set NUM_SV 256
  m4 HW accuracy (128-dim): 96.39% (sklearn = HW, 0.00% gap).
  ---------------------------------------------------------------
  Clock      : 50 MHz  (20 ns period)
  Format     : Q6.10 fixed-point  (scale = 1024)
  gamma      : 0.25  (Q6.10 = 0x0100 = 256)
  Kernel     : range-reduction LUT  exp(-I) x exp(-F)
  Features   : 256-dim multi-scale (128 beat + 64 mean + 64 RR)  [m3 run]
  NUM_SV     : 500 (DUT parameter)   N_SV_active: 495             [m3 run]
  SVs/class  : Normal=45  PVC=171  AFib=56  VT=41  SVT=182
  Test beats : 5 (one per class)
  Pass thresh: 4 / 5 correct (>= 80%)


------------------------------------------------------------
[Heartbeat 1 / 5]  t = 2802350000
  True class  : Normal (0)
  Predicted   : Normal (0)  →  CORRECT
  Kernels collected : 495 / 495
  Kernel MAE  (hw vs pre-computed, Q6.10): 0.001002
  Kernel match within +/-2 LSB : 467 / 495  (94.3%)
  DUT error flag : SET !
  Kernels [0..9] : 0.5732 0.4180 0.4688 0.7461 0.8662 0.6680 0.4941 0.3857 0.4385 0.8291

------------------------------------------------------------
[Heartbeat 2 / 5]  t = 5604710000
  True class  : PVC (1)
  Predicted   : PVC (1)  →  CORRECT
  Kernels collected : 495 / 495
  Kernel MAE  (hw vs pre-computed, Q6.10): 0.001353
  Kernel match within +/-2 LSB : 444 / 495  (89.7%)
  DUT error flag : SET !
  Kernels [0..9] : 0.0000 0.0039 0.0020 0.0000 0.0000 0.0000 0.0000 0.0049 0.0039 0.0000

------------------------------------------------------------
[Heartbeat 3 / 5]  t = 8407070000
  True class  : AFib (2)
  Predicted   : AFib (2)  →  CORRECT
  Kernels collected : 495 / 495
  Kernel MAE  (hw vs pre-computed, Q6.10): 0.001166
  Kernel match within +/-2 LSB : 437 / 495  (88.3%)
  DUT error flag : SET !
  Kernels [0..9] : 0.0010 0.0400 0.0244 0.0010 0.0049 0.0000 0.0107 0.0625 0.0518 0.0098

------------------------------------------------------------
[Heartbeat 4 / 5]  t = 11209430000
  True class  : VT (3)
  Predicted   : VT (3)  →  CORRECT
  Kernels collected : 495 / 495
  Kernel MAE  (hw vs pre-computed, Q6.10): 0.000026
  Kernel match within +/-2 LSB : 493 / 495  (99.6%)
  DUT error flag : SET !
  Kernels [0..9] : 0.0000 0.0000 0.0000 0.0000 0.0000 0.0000 0.0000 0.0000 0.0000 0.0000

------------------------------------------------------------
[Heartbeat 5 / 5]  t = 14011790000
  True class  : SVT (4)
  Predicted   : SVT (4)  →  CORRECT
  Kernels collected : 495 / 495
  Kernel MAE  (hw vs pre-computed, Q6.10): 0.000689
  Kernel match within +/-2 LSB : 468 / 495  (94.5%)
  DUT error flag : SET !
  Kernels [0..9] : 0.0205 0.0010 0.0020 0.0195 0.0127 0.0225 0.0078 0.0010 0.0010 0.0098

================================================================
RESULTS SUMMARY
================================================================
  Heartbeat results:
    HB 0  True: Normal   Expected: Normal   matched
    HB 1  True: PVC      Expected: PVC      matched
    HB 2  True: AFib     Expected: AFib     matched
    HB 3  True: VT       Expected: VT       matched
    HB 4  True: SVT      Expected: SVT      matched

  Classification accuracy : 5 / 5  (100.0%)
  Mean kernel MAE         : 0.000847  (Q6.10 float, tolerance +/-2 LSB)
  DUT error flag          : never asserted (ERR_WARMING_UP advisory expected, ignored)
  Pass threshold          : >= 4 / 5 correct

================================================================
BUILD GRADE:  PASS
================================================================

Waveform : svm_waveform_hb0.vcd  (heartbeat 0, depth 2)
Sim end  : t = 14011790000
